  DXproject.cpp
d:\program installs\include\dxgitype.h(12): warning C4005: 'DXGI_STATUS_OCCLUDED': macro redefinition
  c:\program files (x86)\windows kits\10\include\10.0.15063.0\shared\winerror.h(52937): note: see previous definition of 'DXGI_STATUS_OCCLUDED'
d:\program installs\include\dxgitype.h(13): warning C4005: 'DXGI_STATUS_CLIPPED': macro redefinition
  c:\program files (x86)\windows kits\10\include\10.0.15063.0\shared\winerror.h(52946): note: see previous definition of 'DXGI_STATUS_CLIPPED'
d:\program installs\include\dxgitype.h(14): warning C4005: 'DXGI_STATUS_NO_REDIRECTION': macro redefinition
  c:\program files (x86)\windows kits\10\include\10.0.15063.0\shared\winerror.h(52955): note: see previous definition of 'DXGI_STATUS_NO_REDIRECTION'
d:\program installs\include\dxgitype.h(15): warning C4005: 'DXGI_STATUS_NO_DESKTOP_ACCESS': macro redefinition
  c:\program files (x86)\windows kits\10\include\10.0.15063.0\shared\winerror.h(52964): note: see previous definition of 'DXGI_STATUS_NO_DESKTOP_ACCESS'
d:\program installs\include\dxgitype.h(16): warning C4005: 'DXGI_STATUS_GRAPHICS_VIDPN_SOURCE_IN_USE': macro redefinition
  c:\program files (x86)\windows kits\10\include\10.0.15063.0\shared\winerror.h(52973): note: see previous definition of 'DXGI_STATUS_GRAPHICS_VIDPN_SOURCE_IN_USE'
d:\program installs\include\dxgitype.h(17): warning C4005: 'DXGI_STATUS_MODE_CHANGED': macro redefinition
  c:\program files (x86)\windows kits\10\include\10.0.15063.0\shared\winerror.h(52982): note: see previous definition of 'DXGI_STATUS_MODE_CHANGED'
d:\program installs\include\dxgitype.h(18): warning C4005: 'DXGI_STATUS_MODE_CHANGE_IN_PROGRESS': macro redefinition
  c:\program files (x86)\windows kits\10\include\10.0.15063.0\shared\winerror.h(52991): note: see previous definition of 'DXGI_STATUS_MODE_CHANGE_IN_PROGRESS'
d:\program installs\include\dxgitype.h(21): warning C4005: 'DXGI_ERROR_INVALID_CALL': macro redefinition
  c:\program files (x86)\windows kits\10\include\10.0.15063.0\shared\winerror.h(53006): note: see previous definition of 'DXGI_ERROR_INVALID_CALL'
d:\program installs\include\dxgitype.h(22): warning C4005: 'DXGI_ERROR_NOT_FOUND': macro redefinition
  c:\program files (x86)\windows kits\10\include\10.0.15063.0\shared\winerror.h(53015): note: see previous definition of 'DXGI_ERROR_NOT_FOUND'
d:\program installs\include\dxgitype.h(23): warning C4005: 'DXGI_ERROR_MORE_DATA': macro redefinition
  c:\program files (x86)\windows kits\10\include\10.0.15063.0\shared\winerror.h(53024): note: see previous definition of 'DXGI_ERROR_MORE_DATA'
d:\program installs\include\dxgitype.h(24): warning C4005: 'DXGI_ERROR_UNSUPPORTED': macro redefinition
  c:\program files (x86)\windows kits\10\include\10.0.15063.0\shared\winerror.h(53033): note: see previous definition of 'DXGI_ERROR_UNSUPPORTED'
d:\program installs\include\dxgitype.h(25): warning C4005: 'DXGI_ERROR_DEVICE_REMOVED': macro redefinition
  c:\program files (x86)\windows kits\10\include\10.0.15063.0\shared\winerror.h(53042): note: see previous definition of 'DXGI_ERROR_DEVICE_REMOVED'
d:\program installs\include\dxgitype.h(26): warning C4005: 'DXGI_ERROR_DEVICE_HUNG': macro redefinition
  c:\program files (x86)\windows kits\10\include\10.0.15063.0\shared\winerror.h(53051): note: see previous definition of 'DXGI_ERROR_DEVICE_HUNG'
d:\program installs\include\dxgitype.h(27): warning C4005: 'DXGI_ERROR_DEVICE_RESET': macro redefinition
  c:\program files (x86)\windows kits\10\include\10.0.15063.0\shared\winerror.h(53061): note: see previous definition of 'DXGI_ERROR_DEVICE_RESET'
d:\program installs\include\dxgitype.h(28): warning C4005: 'DXGI_ERROR_WAS_STILL_DRAWING': macro redefinition
  c:\program files (x86)\windows kits\10\include\10.0.15063.0\shared\winerror.h(53070): note: see previous definition of 'DXGI_ERROR_WAS_STILL_DRAWING'
d:\program installs\include\dxgitype.h(29): warning C4005: 'DXGI_ERROR_FRAME_STATISTICS_DISJOINT': macro redefinition
  c:\program files (x86)\windows kits\10\include\10.0.15063.0\shared\winerror.h(53080): note: see previous definition of 'DXGI_ERROR_FRAME_STATISTICS_DISJOINT'
d:\program installs\include\dxgitype.h(30): warning C4005: 'DXGI_ERROR_GRAPHICS_VIDPN_SOURCE_IN_USE': macro redefinition
  c:\program files (x86)\windows kits\10\include\10.0.15063.0\shared\winerror.h(53089): note: see previous definition of 'DXGI_ERROR_GRAPHICS_VIDPN_SOURCE_IN_USE'
d:\program installs\include\dxgitype.h(31): warning C4005: 'DXGI_ERROR_DRIVER_INTERNAL_ERROR': macro redefinition
  c:\program files (x86)\windows kits\10\include\10.0.15063.0\shared\winerror.h(53099): note: see previous definition of 'DXGI_ERROR_DRIVER_INTERNAL_ERROR'
d:\program installs\include\dxgitype.h(32): warning C4005: 'DXGI_ERROR_NONEXCLUSIVE': macro redefinition
  c:\program files (x86)\windows kits\10\include\10.0.15063.0\shared\winerror.h(53108): note: see previous definition of 'DXGI_ERROR_NONEXCLUSIVE'
d:\program installs\include\dxgitype.h(33): warning C4005: 'DXGI_ERROR_NOT_CURRENTLY_AVAILABLE': macro redefinition
  c:\program files (x86)\windows kits\10\include\10.0.15063.0\shared\winerror.h(53117): note: see previous definition of 'DXGI_ERROR_NOT_CURRENTLY_AVAILABLE'
d:\program installs\include\dxgitype.h(34): warning C4005: 'DXGI_ERROR_REMOTE_CLIENT_DISCONNECTED': macro redefinition
  c:\program files (x86)\windows kits\10\include\10.0.15063.0\shared\winerror.h(53127): note: see previous definition of 'DXGI_ERROR_REMOTE_CLIENT_DISCONNECTED'
d:\program installs\include\dxgitype.h(35): warning C4005: 'DXGI_ERROR_REMOTE_OUTOFMEMORY': macro redefinition
  c:\program files (x86)\windows kits\10\include\10.0.15063.0\shared\winerror.h(53136): note: see previous definition of 'DXGI_ERROR_REMOTE_OUTOFMEMORY'
d:\program installs\include\d3d11.h(917): warning C4005: 'D3D11_ERROR_TOO_MANY_UNIQUE_STATE_OBJECTS': macro redefinition
  c:\program files (x86)\windows kits\10\include\10.0.15063.0\shared\winerror.h(53400): note: see previous definition of 'D3D11_ERROR_TOO_MANY_UNIQUE_STATE_OBJECTS'
d:\program installs\include\d3d11.h(918): warning C4005: 'D3D11_ERROR_FILE_NOT_FOUND': macro redefinition
  c:\program files (x86)\windows kits\10\include\10.0.15063.0\shared\winerror.h(53409): note: see previous definition of 'D3D11_ERROR_FILE_NOT_FOUND'
d:\program installs\include\d3d11.h(919): warning C4005: 'D3D11_ERROR_TOO_MANY_UNIQUE_VIEW_OBJECTS': macro redefinition
  c:\program files (x86)\windows kits\10\include\10.0.15063.0\shared\winerror.h(53419): note: see previous definition of 'D3D11_ERROR_TOO_MANY_UNIQUE_VIEW_OBJECTS'
d:\program installs\include\d3d11.h(920): warning C4005: 'D3D11_ERROR_DEFERRED_CONTEXT_MAP_WITHOUT_INITIAL_DISCARD': macro redefinition
  c:\program files (x86)\windows kits\10\include\10.0.15063.0\shared\winerror.h(53428): note: see previous definition of 'D3D11_ERROR_DEFERRED_CONTEXT_MAP_WITHOUT_INITIAL_DISCARD'
d:\program installs\include\d3d10.h(608): warning C4005: 'D3D10_ERROR_TOO_MANY_UNIQUE_STATE_OBJECTS': macro redefinition
  c:\program files (x86)\windows kits\10\include\10.0.15063.0\shared\winerror.h(53376): note: see previous definition of 'D3D10_ERROR_TOO_MANY_UNIQUE_STATE_OBJECTS'
d:\program installs\include\d3d10.h(609): warning C4005: 'D3D10_ERROR_FILE_NOT_FOUND': macro redefinition
  c:\program files (x86)\windows kits\10\include\10.0.15063.0\shared\winerror.h(53385): note: see previous definition of 'D3D10_ERROR_FILE_NOT_FOUND'
d:\program installs\include\xnamath.h(2662): warning C4838: conversion from 'unsigned int' to 'INT' requires a narrowing conversion
d:\program installs\include\xnamath.h(2663): warning C4838: conversion from 'unsigned int' to 'INT' requires a narrowing conversion
d:\program installs\include\xnamath.h(2664): warning C4838: conversion from 'unsigned int' to 'INT' requires a narrowing conversion
d:\program installs\include\xnamath.h(2665): warning C4838: conversion from 'unsigned int' to 'INT' requires a narrowing conversion
d:\program installs\include\xnamath.h(2666): warning C4838: conversion from 'unsigned int' to 'INT' requires a narrowing conversion
d:\program installs\include\xnamath.h(2667): warning C4838: conversion from 'unsigned int' to 'INT' requires a narrowing conversion
d:\program installs\include\xnamath.h(2668): warning C4838: conversion from 'unsigned int' to 'INT' requires a narrowing conversion
d:\program installs\include\xnamath.h(2689): warning C4838: conversion from 'unsigned int' to 'INT' requires a narrowing conversion
d:\program installs\include\xnamath.h(2690): warning C4838: conversion from 'unsigned int' to 'INT' requires a narrowing conversion
d:\program installs\include\xnamath.h(2691): warning C4838: conversion from 'unsigned int' to 'INT' requires a narrowing conversion
d:\program installs\include\xnamath.h(2694): warning C4838: conversion from 'unsigned int' to 'INT' requires a narrowing conversion
d:\program installs\include\xnamath.h(2695): warning C4838: conversion from 'unsigned int' to 'INT' requires a narrowing conversion
d:\program installs\include\xnamath.h(2698): warning C4838: conversion from 'unsigned int' to 'INT' requires a narrowing conversion
d:\program installs\include\xnamath.h(2702): warning C4838: conversion from 'unsigned int' to 'INT' requires a narrowing conversion
d:\program installs\include\xnamath.h(2712): warning C4838: conversion from 'unsigned int' to 'INT' requires a narrowing conversion
d:\program installs\include\xnamath.h(2713): warning C4838: conversion from 'unsigned int' to 'INT' requires a narrowing conversion
d:\program installs\include\xnamath.h(2715): warning C4838: conversion from 'unsigned int' to 'INT' requires a narrowing conversion
d:\program installs\include\xnamath.h(2716): warning C4838: conversion from 'unsigned int' to 'INT' requires a narrowing conversion
d:\program installs\include\xnamath.h(2717): warning C4838: conversion from 'unsigned int' to 'INT' requires a narrowing conversion
d:\program installs\include\xnamath.h(2727): warning C4838: conversion from 'unsigned int' to 'INT' requires a narrowing conversion
d:\program installs\include\xnamath.h(2728): warning C4838: conversion from 'unsigned int' to 'INT' requires a narrowing conversion
d:\program installs\include\xnamath.h(2729): warning C4838: conversion from 'unsigned int' to 'INT' requires a narrowing conversion
d:\program installs\include\xnamath.h(2730): warning C4838: conversion from 'unsigned int' to 'INT' requires a narrowing conversion
d:\program installs\include\xnamath.h(2731): warning C4838: conversion from 'unsigned int' to 'INT' requires a narrowing conversion
d:\program installs\include\xnamath.h(2732): warning C4838: conversion from 'unsigned int' to 'INT' requires a narrowing conversion
d:\program installs\include\xnamath.h(2742): warning C4838: conversion from 'unsigned int' to 'INT' requires a narrowing conversion
d:\program installs\include\xnamath.h(2743): warning C4838: conversion from 'unsigned int' to 'INT' requires a narrowing conversion
d:\program installs\include\xnamath.h(2754): warning C4838: conversion from 'unsigned int' to 'INT' requires a narrowing conversion
d:\program installs\include\xnamathconvert.inl(2254): warning C4838: conversion from 'unsigned int' to 'INT' requires a narrowing conversion
d:\program installs\include\xnamathconvert.inl(4523): warning C4838: conversion from 'unsigned int' to 'INT' requires a narrowing conversion
d:\program installs\include\xnamathconvert.inl(4577): warning C4838: conversion from 'unsigned int' to 'INT' requires a narrowing conversion
d:\program installs\include\xnamathconvert.inl(4639): warning C4838: conversion from 'unsigned int' to 'INT' requires a narrowing conversion
d:\program installs\include\xnamathconvert.inl(4707): warning C4838: conversion from 'unsigned int' to 'INT' requires a narrowing conversion
d:\program installs\include\xnamathconvert.inl(4770): warning C4838: conversion from 'unsigned int' to 'INT' requires a narrowing conversion
d:\program installs\include\xnamathconvert.inl(4832): warning C4838: conversion from 'unsigned int' to 'INT' requires a narrowing conversion
d:\program installs\include\xnamathvector.inl(1269): warning C4838: conversion from 'unsigned int' to 'INT' requires a narrowing conversion
d:\program installs\include\xnamathmisc.inl(518): warning C4838: conversion from 'unsigned int' to 'INT' requires a narrowing conversion
d:\program installs\include\xnamathmisc.inl(519): warning C4838: conversion from 'unsigned int' to 'INT' requires a narrowing conversion
e:\downloads\new downloads\3d objects heightmap\viewserver\ground.h(71): warning C4305: 'initializing': truncation from 'double' to 'float'
e:\downloads\new downloads\3d objects heightmap\viewserver\ground.h(72): warning C4305: 'initializing': truncation from 'double' to 'float'
e:\downloads\new downloads\3d objects heightmap\viewserver\dxproject.cpp(441): warning C4305: 'initializing': truncation from 'double' to 'float'
e:\downloads\new downloads\3d objects heightmap\viewserver\dxproject.cpp(445): warning C4244: 'argument': conversion from 'int' to 'FLOAT', possible loss of data
e:\downloads\new downloads\3d objects heightmap\viewserver\dxproject.cpp(446): warning C4244: 'argument': conversion from 'int' to 'FLOAT', possible loss of data
e:\downloads\new downloads\3d objects heightmap\viewserver\dxproject.cpp(447): warning C4244: 'argument': conversion from 'int' to 'FLOAT', possible loss of data
e:\downloads\new downloads\3d objects heightmap\viewserver\dxproject.cpp(452): warning C4244: 'argument': conversion from 'int' to 'FLOAT', possible loss of data
e:\downloads\new downloads\3d objects heightmap\viewserver\dxproject.cpp(453): warning C4244: 'argument': conversion from 'int' to 'FLOAT', possible loss of data
e:\downloads\new downloads\3d objects heightmap\viewserver\dxproject.cpp(454): warning C4244: 'argument': conversion from 'int' to 'FLOAT', possible loss of data
e:\downloads\new downloads\3d objects heightmap\viewserver\dxproject.cpp(481): warning C4244: 'argument': conversion from 'int' to 'FLOAT', possible loss of data
e:\downloads\new downloads\3d objects heightmap\viewserver\dxproject.cpp(482): warning C4244: 'argument': conversion from 'int' to 'FLOAT', possible loss of data
e:\downloads\new downloads\3d objects heightmap\viewserver\dxproject.cpp(483): warning C4244: 'argument': conversion from 'int' to 'FLOAT', possible loss of data
e:\downloads\new downloads\3d objects heightmap\viewserver\dxproject.cpp(488): warning C4244: 'argument': conversion from 'int' to 'FLOAT', possible loss of data
e:\downloads\new downloads\3d objects heightmap\viewserver\dxproject.cpp(489): warning C4244: 'argument': conversion from 'int' to 'FLOAT', possible loss of data
e:\downloads\new downloads\3d objects heightmap\viewserver\dxproject.cpp(490): warning C4244: 'argument': conversion from 'int' to 'FLOAT', possible loss of data
e:\downloads\new downloads\3d objects heightmap\viewserver\dxproject.cpp(850): warning C4305: 'argument': truncation from 'double' to 'FLOAT'
e:\downloads\new downloads\3d objects heightmap\viewserver\dxproject.cpp(936): warning C4305: '+=': truncation from 'double' to 'float'
e:\downloads\new downloads\3d objects heightmap\viewserver\dxproject.cpp(937): warning C4305: '+=': truncation from 'double' to 'float'
e:\downloads\new downloads\3d objects heightmap\viewserver\dxproject.cpp(938): warning C4305: '+=': truncation from 'double' to 'float'
e:\downloads\new downloads\3d objects heightmap\viewserver\dxproject.cpp(939): warning C4305: '+=': truncation from 'double' to 'float'
e:\downloads\new downloads\3d objects heightmap\viewserver\dxproject.cpp(1113): warning C4005: 'TIMER1': macro redefinition
  e:\downloads\new downloads\3d objects heightmap\viewserver\dxproject.cpp(47): note: see previous definition of 'TIMER1'
e:\downloads\new downloads\3d objects heightmap\viewserver\dxproject.cpp(1129): warning C4065: switch statement contains 'default' but no 'case' labels
e:\downloads\new downloads\3d objects heightmap\viewserver\dxproject.cpp(1123): warning C4101: 'hwin': unreferenced local variable
  viewserver.vcxproj -> E:\Downloads\new downloads\3D objects heightmap\Debug\DXproject.exe
  viewserver.vcxproj -> E:\Downloads\new downloads\3D objects heightmap\Debug\DXproject.pdb (Partial PDB)
